<?xml version="1.0" encoding="UTF-8"?>
<testng-results skipped="0" failed="0" ignored="0" total="1" passed="1">
  <reporter-output>
  </reporter-output>
  <suite name="Default suite" duration-ms="29" started-at="2020-07-14T14:02:39Z" finished-at="2020-07-14T14:02:39Z">
    <groups>
    </groups>
    <test name="Default test" duration-ms="29" started-at="2020-07-14T14:02:39Z" finished-at="2020-07-14T14:02:39Z">
      <class name="API_ALL_Code.apiTesting.Test_Hello">
        <test-method status="PASS" signature="test_test1()[pri:0, instance:API_ALL_Code.apiTesting.Test_Hello@548b7f67]" name="test_test1" duration-ms="9" started-at="2020-07-14T14:02:39Z" finished-at="2020-07-14T14:02:39Z">
          <reporter-output>
          </reporter-output>
        </test-method> <!-- test_test1 -->
      </class> <!-- API_ALL_Code.apiTesting.Test_Hello -->
    </test> <!-- Default test -->
  </suite> <!-- Default suite -->
</testng-results>
